<?xml version="1.0" encoding="UTF-8" ?>
<testsuite tests="28" failures="0" name="com.sg.superherogame.test.SuperHeroDaoTest" time="3.083" errors="0" skipped="0">
  <properties>
[...]
</properties>
  <testcase classname="com.sg.superherogame.test.SuperHeroDaoTest" name="testAddHeroAndGetHero" time="0.866"/>
  <testcase classname="com.sg.superherogame.test.SuperHeroDaoTest" name="testDeleteOrganization" time="0.104"/>
  <testcase classname="com.sg.superherogame.test.SuperHeroDaoTest" name="testDeletePower" time="0.108"/>
  <testcase classname="com.sg.superherogame.test.SuperHeroDaoTest" name="testGetAllOrganizations" time="0.083"/>
  <testcase classname="com.sg.superherogame.test.SuperHeroDaoTest" name="testDeleteLocation" time="0.074"/>
  <testcase classname="com.sg.superherogame.test.SuperHeroDaoTest" name="testUpdatePower" time="0.083"/>
  <testcase classname="com.sg.superherogame.test.SuperHeroDaoTest" name="testAddOrganization" time="0.092"/>
  <testcase classname="com.sg.superherogame.test.SuperHeroDaoTest" name="testGetAllHeros" time="0.081"/>
  <testcase classname="com.sg.superherogame.test.SuperHeroDaoTest" name="testUpdateHero" time="0.098"/>
  <testcase classname="com.sg.superherogame.test.SuperHeroDaoTest" name="testGetHeroesByLocation" time="0.074"/>
  <testcase classname="com.sg.superherogame.test.SuperHeroDaoTest" name="testGetAllSightings" time="0.11"/>
  <testcase classname="com.sg.superherogame.test.SuperHeroDaoTest" name="testAddAttitudeAndGetAttitude" time="0.075"/>
  <testcase classname="com.sg.superherogame.test.SuperHeroDaoTest" name="testAddSightingAndGetSighting" time="0.099"/>
  <testcase classname="com.sg.superherogame.test.SuperHeroDaoTest" name="testGetOrganizationOfHero" time="0.065"/>
  <testcase classname="com.sg.superherogame.test.SuperHeroDaoTest" name="testGetAllHeroesInOrganization" time="0.081"/>
  <testcase classname="com.sg.superherogame.test.SuperHeroDaoTest" name="testAddPowerAndGetPower" time="0.088"/>
  <testcase classname="com.sg.superherogame.test.SuperHeroDaoTest" name="testUpdateSighting" time="0.073"/>
  <testcase classname="com.sg.superherogame.test.SuperHeroDaoTest" name="testGetHeroesSightedByDate" time="0.065"/>
  <testcase classname="com.sg.superherogame.test.SuperHeroDaoTest" name="testUpdateAttitude" time="0.065"/>
  <testcase classname="com.sg.superherogame.test.SuperHeroDaoTest" name="testUpdateAndGetOrganization" time="0.061"/>
  <testcase classname="com.sg.superherogame.test.SuperHeroDaoTest" name="testDeleteSightingAndGet" time="0.061"/>
  <testcase classname="com.sg.superherogame.test.SuperHeroDaoTest" name="testDeleteHero" time="0.07"/>
  <testcase classname="com.sg.superherogame.test.SuperHeroDaoTest" name="testGetAllLocationsSightedByDate" time="0.064"/>
  <testcase classname="com.sg.superherogame.test.SuperHeroDaoTest" name="testGetAllLocations" time="0.063"/>
  <testcase classname="com.sg.superherogame.test.SuperHeroDaoTest" name="testUpdateLocation" time="0.15"/>
  <testcase classname="com.sg.superherogame.test.SuperHeroDaoTest" name="testDeleteAttitude" time="0.074"/>
  <testcase classname="com.sg.superherogame.test.SuperHeroDaoTest" name="testGetLocationsOfHero" time="0.069"/>
  <testcase classname="com.sg.superherogame.test.SuperHeroDaoTest" name="testAddAndGetLocation" time="0.087"/>
</testsuite>